<?xml version="1.0" encoding="UTF-8"?>
<testng-results skipped="0" failed="0" ignored="0" total="1" passed="1">
  <reporter-output>
  </reporter-output>
  <suite name="Suite" duration-ms="19162" started-at="2022-06-12T12:18:47Z" finished-at="2022-06-12T12:19:06Z">
    <groups>
      <group name="regression">
        <method signature="TNG_002.amazon()[pri:0, instance:testNG.TNG_002@7f552bd3]" name="amazon" class="testNG.TNG_002"/>
      </group> <!-- regression -->
      <group name="sanity">
        <method signature="TNG_002.amazon()[pri:0, instance:testNG.TNG_002@7f552bd3]" name="amazon" class="testNG.TNG_002"/>
      </group> <!-- sanity -->
    </groups>
    <test name="Test" duration-ms="19162" started-at="2022-06-12T12:18:47Z" finished-at="2022-06-12T12:19:06Z">
      <class name="testNG.TNG_002">
        <test-method status="PASS" signature="startUp(java.lang.String)[pri:0, instance:testNG.TNG_002@7f552bd3]" name="startUp" is-config="true" duration-ms="11166" started-at="2022-06-12T12:18:47Z" finished-at="2022-06-12T12:18:58Z">
          <params>
            <param index="0">
              <value>
                <![CDATA[chrome]]>
              </value>
            </param>
          </params>
          <reporter-output>
          </reporter-output>
        </test-method> <!-- startUp -->
        <test-method status="PASS" signature="amazon()[pri:0, instance:testNG.TNG_002@7f552bd3]" name="amazon" duration-ms="6386" started-at="2022-06-12T12:18:58Z" finished-at="2022-06-12T12:19:04Z">
          <reporter-output>
          </reporter-output>
        </test-method> <!-- amazon -->
        <test-method status="PASS" signature="endProcess()[pri:0, instance:testNG.TNG_002@7f552bd3]" name="endProcess" is-config="true" duration-ms="1581" started-at="2022-06-12T12:19:04Z" finished-at="2022-06-12T12:19:06Z">
          <reporter-output>
          </reporter-output>
        </test-method> <!-- endProcess -->
      </class> <!-- testNG.TNG_002 -->
    </test> <!-- Test -->
  </suite> <!-- Suite -->
</testng-results>
