<?xml version="1.0" encoding="UTF-8"?>
<testng-results ignored="0" total="1" passed="1" failed="0" skipped="0">
  <reporter-output>
  </reporter-output>
  <suite started-at="2022-06-11T23:51:55 IST" name="Suite" finished-at="2022-06-11T23:52:14 IST" duration-ms="19315">
    <groups>
      <group name="regression">
        <method signature="TNG_002.amazon()[pri:0, instance:testNG.TNG_002@4efac082]" name="amazon" class="testNG.TNG_002"/>
      </group> <!-- regression -->
      <group name="sanity">
        <method signature="TNG_002.amazon()[pri:0, instance:testNG.TNG_002@4efac082]" name="amazon" class="testNG.TNG_002"/>
      </group> <!-- sanity -->
    </groups>
    <test started-at="2022-06-11T23:51:55 IST" name="Test" finished-at="2022-06-11T23:52:14 IST" duration-ms="19315">
      <class name="testNG.TNG_002">
        <test-method is-config="true" signature="startUp(java.lang.String)[pri:0, instance:testNG.TNG_002@4efac082]" started-at="2022-06-11T23:51:55 IST" name="startUp" finished-at="2022-06-11T23:52:06 IST" duration-ms="10803" status="PASS">
          <params>
            <param index="0">
              <value>
                <![CDATA[chrome]]>
              </value>
            </param>
          </params>
          <reporter-output>
          </reporter-output>
        </test-method> <!-- startUp -->
        <test-method signature="amazon()[pri:0, instance:testNG.TNG_002@4efac082]" started-at="2022-06-11T23:52:06 IST" name="amazon" finished-at="2022-06-11T23:52:11 IST" duration-ms="5682" status="PASS">
          <reporter-output>
          </reporter-output>
        </test-method> <!-- amazon -->
        <test-method is-config="true" signature="endProcess()[pri:0, instance:testNG.TNG_002@4efac082]" started-at="2022-06-11T23:52:11 IST" name="endProcess" finished-at="2022-06-11T23:52:14 IST" duration-ms="2774" status="PASS">
          <reporter-output>
          </reporter-output>
        </test-method> <!-- endProcess -->
      </class> <!-- testNG.TNG_002 -->
    </test> <!-- Test -->
  </suite> <!-- Suite -->
</testng-results>
